<?xml version="1.0" encoding="UTF-8"?>
<coverage generated="1514479139257" clover="3.2.0">
  <project timestamp="1514479139257" name="All files">
    <metrics statements="11" coveredstatements="11" conditionals="2" coveredconditionals="2" methods="7" coveredmethods="7" elements="20" coveredelements="20" complexity="0" loc="11" ncloc="11" packages="1" files="1" classes="1">
      <file name="index.js" path="C:\Projetos\opensource\ko-unload-check\src\index.js">
        <metrics statements="11" coveredstatements="11" conditionals="2" coveredconditionals="2" methods="7" coveredmethods="7"/>
        <line num="3" count="6" type="stmt"/>
        <line num="4" count="6" type="stmt"/>
        <line num="5" count="6" type="stmt"/>
        <line num="9" count="6" type="stmt"/>
        <line num="10" count="6" type="stmt"/>
        <line num="14" count="6" type="stmt"/>
        <line num="18" count="12" type="stmt"/>
        <line num="19" count="12" type="stmt"/>
        <line num="23" count="6" type="stmt"/>
        <line num="24" count="2" type="cond" truecount="2" falsecount="0"/>
        <line num="25" count="1" type="stmt"/>
      </file>
    </metrics>
  </project>
</coverage>
